<?xml version="1.0" encoding="UTF-8"?>
<testsuite name="FitnessTrackerTest" tests="1" skipped="0" failures="0" errors="0" timestamp="2024-05-22T07:40:47" hostname="WIN-PK97IO7J39D" time="22.047">
  <properties/>
  <testcase name="start" classname="FitnessTrackerTest" time="22.047"/>
  <system-out><![CDATA[?[1;31m
Start test 1?[0m
?[0;34m
?[0m?[0;34m  .   ____          _            __ _ _
?[0m?[0;34m /\\ / ___'_ __ _ _(_)_ __  __ _ \ \ \ \
?[0m?[0;34m( ( )\___ | '_ | '_| | '_ \/ _` | \ \ \ \
?[0m?[0;34m \\/  ___)| |_)| | | | | || (_| |  ) ) ) )
?[0m?[0;34m  '  |____| .__|_| |_|_| |_\__, | / / / /
?[0m?[0;34m =========|_|==============|___/=/_/_/_/
?[0m?[0;34m :: Spring Boot ::                (v3.0.2)
?[0m?[0;34m
?[0m?[0;34m2024-05-22T12:40:48.319+05:00  INFO 4352 --- [    Test worker] fitnesstracker.ApplicationKt             : Starting ApplicationKt using Java 17.0.5 with PID 4352 (started by User in D:\JetBrainsWork\Fitness API (Kotlin)\Fitness API (Kotlin)\task)
?[0m?[0;34m2024-05-22T12:40:48.325+05:00  INFO 4352 --- [    Test worker] fitnesstracker.ApplicationKt             : No active profile set, falling back to 1 default profile: "default"
?[0m?[0;34m2024-05-22T12:40:49.933+05:00  INFO 4352 --- [    Test worker] .s.d.r.c.RepositoryConfigurationDelegate : Bootstrapping Spring Data JPA repositories in DEFAULT mode.
?[0m?[0;34m2024-05-22T12:40:50.024+05:00  INFO 4352 --- [    Test worker] .s.d.r.c.RepositoryConfigurationDelegate : Finished Spring Data repository scanning in 78 ms. Found 1 JPA repository interfaces.
?[0m?[0;34m2024-05-22T12:40:50.907+05:00  INFO 4352 --- [    Test worker] o.s.b.w.embedded.tomcat.TomcatWebServer  : Tomcat initialized with port(s): 8080 (http)
?[0m?[0;34m2024-05-22T12:40:50.924+05:00  INFO 4352 --- [    Test worker] o.apache.catalina.core.StandardService   : Starting service [Tomcat]
?[0m?[0;34m2024-05-22T12:40:50.925+05:00  INFO 4352 --- [    Test worker] o.apache.catalina.core.StandardEngine    : Starting Servlet engine: [Apache Tomcat/10.1.5]
?[0m?[0;34m2024-05-22T12:40:51.058+05:00  INFO 4352 --- [    Test worker] o.a.c.c.C.[Tomcat].[localhost].[/]       : Initializing Spring embedded WebApplicationContext
?[0m?[0;34m2024-05-22T12:40:51.059+05:00  INFO 4352 --- [    Test worker] w.s.c.ServletWebServerApplicationContext : Root WebApplicationContext: initialization completed in 2661 ms
?[0m?[0;34m2024-05-22T12:40:51.226+05:00  INFO 4352 --- [    Test worker] com.zaxxer.hikari.HikariDataSource       : HikariPool-1 - Starting...
?[0m?[0;34m2024-05-22T12:40:51.588+05:00  INFO 4352 --- [    Test worker] com.zaxxer.hikari.pool.HikariPool        : HikariPool-1 - Added connection conn0: url=jdbc:h2:file:../fitness_db user=SA
?[0m?[0;34m2024-05-22T12:40:51.592+05:00  INFO 4352 --- [    Test worker] com.zaxxer.hikari.HikariDataSource       : HikariPool-1 - Start completed.
?[0m?[0;34m2024-05-22T12:40:51.613+05:00  INFO 4352 --- [    Test worker] o.s.b.a.h2.H2ConsoleAutoConfiguration    : H2 console available at '/h2-console'. Database available at 'jdbc:h2:file:../fitness_db'
?[0m?[0;34m2024-05-22T12:40:51.892+05:00  INFO 4352 --- [    Test worker] o.hibernate.jpa.internal.util.LogHelper  : HHH000204: Processing PersistenceUnitInfo [name: default]
?[0m?[0;34m2024-05-22T12:40:51.969+05:00  INFO 4352 --- [    Test worker] org.hibernate.Version                    : HHH000412: Hibernate ORM core version 6.1.6.Final
?[0m?[0;34m2024-05-22T12:40:52.270+05:00  WARN 4352 --- [    Test worker] org.hibernate.orm.deprecation            : HHH90000021: Encountered deprecated setting [javax.persistence.sharedCache.mode], use [jakarta.persistence.sharedCache.mode] instead
?[0m?[0;34m2024-05-22T12:40:52.540+05:00  INFO 4352 --- [    Test worker] SQL dialect                              : HHH000400: Using dialect: org.hibernate.dialect.H2Dialect
?[0m?[0;34m2024-05-22T12:40:53.475+05:00  INFO 4352 --- [    Test worker] o.h.e.t.j.p.i.JtaPlatformInitiator       : HHH000490: Using JtaPlatform implementation: [org.hibernate.engine.transaction.jta.platform.internal.NoJtaPlatform]
?[0m?[0;34m2024-05-22T12:40:53.495+05:00  INFO 4352 --- [    Test worker] j.LocalContainerEntityManagerFactoryBean : Initialized JPA EntityManagerFactory for persistence unit 'default'
?[0m?[0;34m2024-05-22T12:40:55.005+05:00  WARN 4352 --- [    Test worker] JpaBaseConfiguration$JpaWebConfiguration : spring.jpa.open-in-view is enabled by default. Therefore, database queries may be performed during view rendering. Explicitly configure spring.jpa.open-in-view to disable this warning
?[0m?[0;34m2024-05-22T12:40:55.760+05:00  INFO 4352 --- [    Test worker] o.s.b.a.e.web.EndpointLinksResolver      : Exposing 14 endpoint(s) beneath base path '/actuator'
?[0m?[0;34m2024-05-22T12:40:55.872+05:00  INFO 4352 --- [    Test worker] o.s.b.w.embedded.tomcat.TomcatWebServer  : Tomcat started on port(s): 8080 (http) with context path ''
?[0m?[0;34m2024-05-22T12:40:55.896+05:00  INFO 4352 --- [    Test worker] fitnesstracker.ApplicationKt             : Started ApplicationKt in 8.167 seconds (process running for 9.369)
?[0;34m2024-05-22T12:40:56.391+05:00  INFO 4352 --- [nio-8080-exec-1] o.a.c.c.C.[Tomcat].[localhost].[/]       : Initializing Spring DispatcherServlet 'dispatcherServlet'
?[0m?[0;34m2024-05-22T12:40:56.392+05:00  INFO 4352 --- [nio-8080-exec-1] o.s.web.servlet.DispatcherServlet        : Initializing Servlet 'dispatcherServlet'
?[0m?[0;34m2024-05-22T12:40:56.397+05:00  INFO 4352 --- [nio-8080-exec-1] o.s.web.servlet.DispatcherServlet        : Completed initialization in 4 ms
?[0m?[0;34mtrackerRequestDTO = FitnessTrackerRequestDTO(username=user-1716363647380, activity=swimming, duration=533, calories=407)
?[0m?[0;34msavedTracker = FitnessTracker(id=1, username=user-1716363647380, activity=swimming, duration=533, calories=407)
?[0;34mtrackerRequestDTO = FitnessTrackerRequestDTO(username=user-1716363647386, activity=dancing, duration=1247, calories=503)
?[0m?[0;34msavedTracker = FitnessTracker(id=2, username=user-1716363647386, activity=dancing, duration=1247, calories=503)
?[0;34mtrackerRequestDTO = FitnessTrackerRequestDTO(username=user-1716363647387, activity=swimming, duration=1396, calories=532)
?[0m?[0;34msavedTracker = FitnessTracker(id=3, username=user-1716363647387, activity=swimming, duration=1396, calories=532)
?[0;34mtrackerRequestDTO = FitnessTrackerRequestDTO(username=user-1716363647387, activity=cycling, duration=1108, calories=394)
?[0m?[0;34msavedTracker = FitnessTracker(id=4, username=user-1716363647387, activity=cycling, duration=1108, calories=394)
?[0m?[1;31m
Start test 2?[0m
?[1;31m
Start test 3?[0m
?[0;34m2024-05-22T12:40:57.522+05:00  INFO 4352 --- [       Thread-5] o.apache.catalina.core.StandardService   : Stopping service [Tomcat]
?[0m?[0;34m2024-05-22T12:40:57.525+05:00  INFO 4352 --- [       Thread-5] o.a.c.c.C.[Tomcat].[localhost].[/]       : Destroying Spring FrameworkServlet 'dispatcherServlet'
?[0m?[0;34m2024-05-22T12:40:57.536+05:00  INFO 4352 --- [       Thread-5] j.LocalContainerEntityManagerFactoryBean : Closing JPA EntityManagerFactory for persistence unit 'default'
?[0m?[0;34m2024-05-22T12:40:57.540+05:00  INFO 4352 --- [       Thread-5] com.zaxxer.hikari.HikariDataSource       : HikariPool-1 - Shutdown initiated...
?[0m?[0;34m2024-05-22T12:40:57.646+05:00  INFO 4352 --- [       Thread-5] com.zaxxer.hikari.HikariDataSource       : HikariPool-1 - Shutdown completed.
?[0;34m
?[0m?[0;34m  .   ____          _            __ _ _
?[0m?[0;34m /\\ / ___'_ __ _ _(_)_ __  __ _ \ \ \ \
?[0m?[0;34m( ( )\___ | '_ | '_| | '_ \/ _` | \ \ \ \
?[0m?[0;34m \\/  ___)| |_)| | | | | || (_| |  ) ) ) )
?[0m?[0;34m  '  |____| .__|_| |_|_| |_\__, | / / / /
?[0m?[0;34m =========|_|==============|___/=/_/_/_/
?[0m?[0;34m :: Spring Boot ::                (v3.0.2)
?[0m?[0;34m
?[0m?[0;34m2024-05-22T12:41:08.023+05:00  INFO 4352 --- [    Test worker] fitnesstracker.ApplicationKt             : Starting ApplicationKt using Java 17.0.5 with PID 4352 (started by User in D:\JetBrainsWork\Fitness API (Kotlin)\Fitness API (Kotlin)\task)
?[0m?[0;34m2024-05-22T12:41:08.024+05:00  INFO 4352 --- [    Test worker] fitnesstracker.ApplicationKt             : No active profile set, falling back to 1 default profile: "default"
?[0m?[0;34m2024-05-22T12:41:08.489+05:00  INFO 4352 --- [    Test worker] .s.d.r.c.RepositoryConfigurationDelegate : Bootstrapping Spring Data JPA repositories in DEFAULT mode.
?[0m?[0;34m2024-05-22T12:41:08.503+05:00  INFO 4352 --- [    Test worker] .s.d.r.c.RepositoryConfigurationDelegate : Finished Spring Data repository scanning in 13 ms. Found 1 JPA repository interfaces.
?[0m?[0;34m2024-05-22T12:41:08.627+05:00  INFO 4352 --- [    Test worker] o.s.b.w.embedded.tomcat.TomcatWebServer  : Tomcat initialized with port(s): 8080 (http)
?[0m?[0;34m2024-05-22T12:41:08.629+05:00  INFO 4352 --- [    Test worker] o.apache.catalina.core.StandardService   : Starting service [Tomcat]
?[0m?[0;34m2024-05-22T12:41:08.631+05:00  INFO 4352 --- [    Test worker] o.apache.catalina.core.StandardEngine    : Starting Servlet engine: [Apache Tomcat/10.1.5]
?[0m?[0;34m2024-05-22T12:41:08.666+05:00  INFO 4352 --- [    Test worker] o.a.c.c.C.[Tomcat].[localhost].[/]       : Initializing Spring embedded WebApplicationContext
?[0m?[0;34m2024-05-22T12:41:08.666+05:00  INFO 4352 --- [    Test worker] w.s.c.ServletWebServerApplicationContext : Root WebApplicationContext: initialization completed in 638 ms
?[0m?[0;34m2024-05-22T12:41:08.720+05:00  INFO 4352 --- [    Test worker] com.zaxxer.hikari.HikariDataSource       : HikariPool-2 - Starting...
?[0m?[0;34m2024-05-22T12:41:08.758+05:00  INFO 4352 --- [    Test worker] com.zaxxer.hikari.pool.HikariPool        : HikariPool-2 - Added connection conn10: url=jdbc:h2:file:../fitness_db user=SA
?[0m?[0;34m2024-05-22T12:41:08.760+05:00  INFO 4352 --- [    Test worker] com.zaxxer.hikari.HikariDataSource       : HikariPool-2 - Start completed.
?[0m?[0;34m2024-05-22T12:41:08.763+05:00  INFO 4352 --- [    Test worker] o.s.b.a.h2.H2ConsoleAutoConfiguration    : H2 console available at '/h2-console'. Database available at 'jdbc:h2:file:../fitness_db'
?[0m?[0;34m2024-05-22T12:41:08.826+05:00  INFO 4352 --- [    Test worker] o.hibernate.jpa.internal.util.LogHelper  : HHH000204: Processing PersistenceUnitInfo [name: default]
?[0m?[0;34m2024-05-22T12:41:08.836+05:00  WARN 4352 --- [    Test worker] org.hibernate.orm.deprecation            : HHH90000021: Encountered deprecated setting [javax.persistence.sharedCache.mode], use [jakarta.persistence.sharedCache.mode] instead
?[0m?[0;34m2024-05-22T12:41:08.847+05:00  INFO 4352 --- [    Test worker] SQL dialect                              : HHH000400: Using dialect: org.hibernate.dialect.H2Dialect
?[0m?[0;34m2024-05-22T12:41:08.882+05:00  INFO 4352 --- [    Test worker] o.h.e.t.j.p.i.JtaPlatformInitiator       : HHH000490: Using JtaPlatform implementation: [org.hibernate.engine.transaction.jta.platform.internal.NoJtaPlatform]
?[0m?[0;34m2024-05-22T12:41:08.884+05:00  INFO 4352 --- [    Test worker] j.LocalContainerEntityManagerFactoryBean : Initialized JPA EntityManagerFactory for persistence unit 'default'
?[0m?[0;34m2024-05-22T12:41:08.981+05:00  WARN 4352 --- [    Test worker] JpaBaseConfiguration$JpaWebConfiguration : spring.jpa.open-in-view is enabled by default. Therefore, database queries may be performed during view rendering. Explicitly configure spring.jpa.open-in-view to disable this warning
?[0m?[0;34m2024-05-22T12:41:09.233+05:00  INFO 4352 --- [    Test worker] o.s.b.a.e.web.EndpointLinksResolver      : Exposing 14 endpoint(s) beneath base path '/actuator'
?[0m?[0;34m2024-05-22T12:41:09.265+05:00  INFO 4352 --- [    Test worker] o.s.b.w.embedded.tomcat.TomcatWebServer  : Tomcat started on port(s): 8080 (http) with context path ''
?[0m?[0;34m2024-05-22T12:41:09.278+05:00  INFO 4352 --- [    Test worker] fitnesstracker.ApplicationKt             : Started ApplicationKt in 1.308 seconds (process running for 22.751)
?[0m?[1;31m
Start test 4?[0m
?[0;34m2024-05-22T12:41:09.286+05:00  INFO 4352 --- [nio-8080-exec-1] o.a.c.c.C.[Tomcat].[localhost].[/]       : Initializing Spring DispatcherServlet 'dispatcherServlet'
?[0m?[0;34m2024-05-22T12:41:09.287+05:00  INFO 4352 --- [nio-8080-exec-1] o.s.web.servlet.DispatcherServlet        : Initializing Servlet 'dispatcherServlet'
?[0m?[0;34m2024-05-22T12:41:09.289+05:00  INFO 4352 --- [nio-8080-exec-1] o.s.web.servlet.DispatcherServlet        : Completed initialization in 2 ms
]]></system-out>
  <system-err><![CDATA[]]></system-err>
</testsuite>
